TN:
SF:/Users/qamar/Desktop/UI Components/src/app.js
FN:7,(anonymous_0)
FN:13,(anonymous_1)
FN:26,(anonymous_2)
FN:31,(anonymous_3)
FN:35,(anonymous_4)
FNF:5
FNH:4
FNDA:1,(anonymous_0)
FNDA:1,(anonymous_1)
FNDA:1,(anonymous_2)
FNDA:0,(anonymous_3)
FNDA:1,(anonymous_4)
DA:8,1
DA:14,1
DA:27,1
DA:28,1
DA:32,0
DA:36,1
DA:43,1
LF:7
LH:6
BRF:0
BRH:0
end_of_record
TN:
SF:/Users/qamar/Desktop/UI Components/src/layout/index.js
FNF:0
FNH:0
LF:0
LH:0
BRF:0
BRH:0
end_of_record
TN:
SF:/Users/qamar/Desktop/UI Components/src/layout/app-content/app-content.js
FNF:0
FNH:0
LF:0
LH:0
BRF:0
BRH:0
end_of_record
TN:
SF:/Users/qamar/Desktop/UI Components/src/layout/app-content/index.js
FNF:0
FNH:0
LF:0
LH:0
BRF:0
BRH:0
end_of_record
TN:
SF:/Users/qamar/Desktop/UI Components/src/layout/app-footer/app-footer.js
FNF:0
FNH:0
LF:0
LH:0
BRF:0
BRH:0
end_of_record
TN:
SF:/Users/qamar/Desktop/UI Components/src/layout/app-footer/index.js
FNF:0
FNH:0
LF:0
LH:0
BRF:0
BRH:0
end_of_record
TN:
SF:/Users/qamar/Desktop/UI Components/src/layout/app-header/app-header.js
FN:4,(anonymous_0)
FN:37,(anonymous_1)
FNF:2
FNH:2
FNDA:1,(anonymous_0)
FNDA:1,(anonymous_1)
DA:5,1
DA:38,1
DA:53,1
LF:3
LH:3
BRF:0
BRH:0
end_of_record
TN:
SF:/Users/qamar/Desktop/UI Components/src/layout/app-header/index.js
FNF:0
FNH:0
LF:0
LH:0
BRF:0
BRH:0
end_of_record
TN:
SF:/Users/qamar/Desktop/UI Components/src/layout/app-menu/app-menu.js
FN:7,(anonymous_0)
FN:122,(anonymous_1)
FN:130,(anonymous_2)
FN:133,(anonymous_3)
FN:142,(anonymous_4)
FN:149,(anonymous_5)
FNF:6
FNH:5
FNDA:1,(anonymous_0)
FNDA:0,(anonymous_1)
FNDA:1,(anonymous_2)
FNDA:1,(anonymous_3)
FNDA:2,(anonymous_4)
FNDA:6,(anonymous_5)
DA:8,1
DA:123,0
DA:124,0
DA:131,1
DA:134,1
DA:143,2
DA:149,6
DA:164,1
LF:8
LH:6
BRDA:123,0,0,0
BRDA:123,0,1,0
BRDA:123,1,0,0
BRDA:123,1,1,0
BRDA:123,1,2,0
BRDA:146,2,0,2
BRDA:146,2,1,0
BRF:7
BRH:1
end_of_record
TN:
SF:/Users/qamar/Desktop/UI Components/src/layout/app-menu/index.js
FNF:0
FNH:0
LF:0
LH:0
BRF:0
BRH:0
end_of_record
TN:
SF:/Users/qamar/Desktop/UI Components/src/layout/app-menu/utils.js
FN:1,(anonymous_0)
FNF:1
FNH:1
FNDA:1,(anonymous_0)
DA:1,1
DA:3,1
LF:2
LH:2
BRF:0
BRH:0
end_of_record
TN:
SF:/Users/qamar/Desktop/UI Components/src/utils/utils.js
FN:1,(anonymous_0)
FNF:1
FNH:1
FNDA:1,(anonymous_0)
DA:1,1
LF:1
LH:1
BRF:0
BRH:0
end_of_record
